<?xml version="1.0" encoding="UTF-8"?>
<testsuite xmlns:xsi="http://www.w3.org/2001/XMLSchema-instance" xsi:noNamespaceSchemaLocation="https://maven.apache.org/surefire/maven-surefire-plugin/xsd/surefire-test-report.xsd" name="classes.DbConnectorTest" time="0.418" tests="2" errors="0" skipped="0" failures="0">
  <properties>
[...]
</properties>
  <testcase name="testGetConnection_Success" classname="classes.DbConnectorTest" time="0.374"/>
  <testcase name="testGetConnection_FailureHandling" classname="classes.DbConnectorTest" time="0.008"/>
</testsuite>